<?xml version="1.0" encoding="UTF-8"?>
<!-- Generated by org.testng.reporters.JUnitReportReporter -->
<testsuite hostname="Meghanas-MacBook-Pro.local" failures="0" tests="2" name="Runner.RunCuke" time="0.213" errors="0" timestamp="2023-06-20T20:46:50 PDT" skipped="0">
  <testcase classname="Runner.RunCuke" name="runScenario" time="0.196"/>
  <system-out/>
  <testcase classname="Runner.RunCuke" name="runScenario" time="0.017"/>
  <system-out/>
</testsuite> <!-- Runner.RunCuke -->
